<?xml version="1.0" encoding="UTF-8"?>
<!-- Generated by org.testng.reporters.JUnitReportReporter -->
<testsuite skipped="0" hostname="DESKTOP-4Q8V869" name="demo.CommentListTest" tests="1" failures="0" timestamp="03 五月 2018 09:25:42 GMT" time="2.966" errors="0">
  <testcase name="commentPostMethod" time="2.966" classname="demo.CommentListTest"/>
</testsuite> <!-- demo.CommentListTest -->
